<?xml version="1.0" encoding="UTF-8"?>
<!-- Generated by org.testng.reporters.JUnitReportReporter -->
<testsuite hostname="LAPTOP-HU9II26B" failures="0" tests="1" name="com.crm.check" time="22.551" errors="0" timestamp="2025-06-09T02:14:49 IST" skipped="0">
  <testcase classname="com.crm.check" name="a" time="22.551"/>
</testsuite> <!-- com.crm.check -->
